2017/09/28 09:43:06 Starting collider: tls = true, port = 8089, room-server=https://uwpw.ru/rtc/
2017/09/28 09:43:26 Starting collider: tls = true, port = 8089, room-server=https://uwpw.ru/rtc/
2017/09/28 11:58:36 Starting collider: tls = true, port = 8089, room-server=https://uwpw.ru/rtc/
2017/09/28 12:19:53 Starting collider: tls = true, port = 8089, room-server=https://uwpw.ru/rtc/
2017/09/28 12:24:15 Starting collider: tls = true, port = 8089, room-server=https://uwpw.ru/rtc/
2017/09/28 12:36:09 Starting collider: tls = true, port = 8089, room-server=https://uwpw.ru/rtc/
2017/09/28 12:37:39 Created room 500024164
2017/09/28 12:37:39 Added client 10431977 to room 500024164
2017/09/28 12:37:39 Client 10431977 registered in room 500024164
2017/09/28 12:37:42 Deregistered client 10431977 from room 500024164
2017/09/28 12:37:42 http2: server: error reading preface from client 127.0.0.1:47364: read tcp 127.0.0.1:8089->127.0.0.1:47364: read: connection reset by peer
2017/09/28 12:37:42 Removed client 10431977 from room 500024164
2017/09/28 12:37:42 Failed to post BYE to room server https://uwpw.ru/rtc/: Post https://uwpw.ru/rtc//bye/500024164/10431977: x509: certificate signed by unknown authority
2017/09/28 12:37:42 Removed room 500024164
2017/09/28 12:37:52 Removing client 10431977 from room 500024164 due to timeout
2017/09/28 12:47:05 http2: server: error reading preface from client 127.0.0.1:51964: timeout waiting for client preface
2017/09/28 12:48:25 Created room 672916847
2017/09/28 12:48:25 Added client 58262811 to room 672916847
2017/09/28 12:48:25 Client 58262811 registered in room 672916847
2017/09/28 12:48:40 Deregistered client 58262811 from room 672916847
2017/09/28 12:48:40 Removed client 58262811 from room 672916847
2017/09/28 12:48:40 Failed to post BYE to room server https://uwpw.ru/rtc/: Post https://uwpw.ru/rtc//bye/672916847/58262811: x509: certificate signed by unknown authority
2017/09/28 12:48:40 Removed room 672916847
2017/09/28 12:48:44 Created room 760673426
2017/09/28 12:48:44 Added client 51637363 to room 760673426
2017/09/28 12:48:44 Client 51637363 registered in room 760673426
2017/09/28 12:48:49 Deregistered client 51637363 from room 760673426
2017/09/28 12:48:49 Removed client 51637363 from room 760673426
2017/09/28 12:48:49 Failed to post BYE to room server https://uwpw.ru/rtc/: Post https://uwpw.ru/rtc//bye/760673426/51637363: x509: certificate signed by unknown authority
2017/09/28 12:48:49 Removed room 760673426
2017/09/28 12:48:50 Removing client 58262811 from room 672916847 due to timeout
2017/09/28 12:48:59 Removing client 51637363 from room 760673426 due to timeout
2017/09/28 13:09:09 Created room 650649243
2017/09/28 13:09:09 Added client 20109485 to room 650649243
2017/09/28 13:09:09 Client 20109485 registered in room 650649243
2017/09/28 13:09:15 Deregistered client 20109485 from room 650649243
2017/09/28 13:09:15 Removed client 20109485 from room 650649243
2017/09/28 13:09:15 Failed to post BYE to room server https://uwpw.ru/rtc/: Post https://uwpw.ru/rtc//bye/650649243/20109485: x509: certificate signed by unknown authority
2017/09/28 13:09:15 Removed room 650649243
2017/09/28 13:09:17 Created room 650649243
2017/09/28 13:09:17 Added client 35346062 to room 650649243
2017/09/28 13:09:17 Client 35346062 registered in room 650649243
2017/09/28 13:09:18 Deregistered client 35346062 from room 650649243
2017/09/28 13:09:18 Removed client 35346062 from room 650649243
2017/09/28 13:09:18 Failed to post BYE to room server https://uwpw.ru/rtc/: Post https://uwpw.ru/rtc//bye/650649243/35346062: x509: certificate signed by unknown authority
2017/09/28 13:09:18 Removed room 650649243
2017/09/28 13:09:21 Created room 650649243
2017/09/28 13:09:21 Added client 04162500 to room 650649243
2017/09/28 13:09:21 Client 04162500 registered in room 650649243
2017/09/28 13:09:24 Deregistered client 04162500 from room 650649243
2017/09/28 13:09:24 Removed client 04162500 from room 650649243
2017/09/28 13:09:24 Failed to post BYE to room server https://uwpw.ru/rtc/: Post https://uwpw.ru/rtc//bye/650649243/04162500: x509: certificate signed by unknown authority
2017/09/28 13:09:24 Removed room 650649243
2017/09/28 13:09:25 Removing client 20109485 from room 650649243 due to timeout
2017/09/28 13:09:28 Removing client 35346062 from room 650649243 due to timeout
2017/09/28 13:09:34 Removing client 04162500 from room 650649243 due to timeout
