0: log file opened: /var/log/turn_1117_2018-02-28.log
0: 
RFC 3489/5389/5766/5780/6062/6156 STUN/TURN Server
Version Coturn-4.5.0.3 'dan Eider'
0: 
Max number of open files/sockets allowed for this process: 4096
0: 
Due to the open files/sockets limitation,
max supported number of TURN Sessions possible is: 2000 (approximately)
0: 

==== Show him the instruments, Practical Frost: ====

0: TLS supported
0: DTLS supported
0: DTLS 1.2 supported
0: TURN/STUN ALPN supported
0: Third-party authorization (oAuth) supported
0: GCM (AEAD) supported
0: OpenSSL compile-time version: OpenSSL 1.0.2g-fips  1 Mar 2016
0: 
0: SQLite supported, default database location is /var/lib/turn/turndb
0: Redis supported
0: PostgreSQL supported
0: MySQL supported
0: MongoDB is not supported
0: 
0: Default Net Engine version: 3 (UDP thread per CPU core)

=====================================================

0: Config file found: //etc/turnserver.conf
0: ERROR: Cannot add a listener address: uwpw.ru:8080
0: Config file found: //etc/turnserver.conf
0: Domain name: 
0: Default realm: test
0: WARNING: cannot find certificate file: turn_server_cert.pem (1)
0: WARNING: cannot start TLS and DTLS listeners because certificate file is not set properly
0: WARNING: cannot find private key file: turn_server_pkey.pem (1)
0: WARNING: cannot start TLS and DTLS listeners because private key file is not set properly
0: NO EXPLICIT LISTENER ADDRESS(ES) ARE CONFIGURED
0: ===========Discovering listener addresses: =========
0: Listener address to use: 127.0.0.1
0: Listener address to use: 192.168.1.1
0: Listener address to use: ::1
0: =====================================================
0: Total: 1 'real' addresses discovered
0: =====================================================
0: NO EXPLICIT RELAY ADDRESS(ES) ARE CONFIGURED
0: ===========Discovering relay addresses: =============
0: Relay address to use: 192.168.1.1
0: Relay address to use: ::1
0: =====================================================
0: Total: 2 relay addresses discovered
0: =====================================================
0: pid file created: /var/run/turnserver.pid
0: IO method (main listener thread): epoll (with changelist)
0: Wait for relay ports initialization...
0:   relay 192.168.1.1 initialization...
0:   relay 192.168.1.1 initialization done
0:   relay ::1 initialization...
0:   relay ::1 initialization done
0: Relay ports initialization done
0: IO method (general relay thread): epoll (with changelist)
0: IO method (general relay thread): epoll (with changelist)
0: IO method (general relay thread): epoll (with changelist)
0: IO method (general relay thread): epoll (with changelist)
0: IO method (general relay thread): epoll (with changelist)
0: turn server id=1 created
0: turn server id=2 created
0: turn server id=3 created
0: turn server id=0 created
0: IO method (general relay thread): epoll (with changelist)
0: IO method (general relay thread): epoll (with changelist)
0: turn server id=4 created
0: turn server id=6 created
0: turn server id=5 created
0: IO method (general relay thread): epoll (with changelist)
0: turn server id=7 created
0: Total General servers: 8
0: IO method (auth thread): epoll (with changelist)
0: IO method (auth thread): epoll (with changelist)
0: IO method (auth thread): epoll (with changelist)
0: IO method (auth thread): epoll (with changelist)
0: IO method (admin thread): epoll (with changelist)
0: SQLite DB connection success: /var/lib/turn/turndb
764: ERROR: check_stun_auth: Cannot find credentials of user <mixtech911>
764: ERROR: check_stun_auth: Cannot find credentials of user <mixtech911>
913: ERROR: check_stun_auth: Cannot find credentials of user <mixtech911>
920: ERROR: check_stun_auth: Cannot find credentials of user <mixtech911>
923: ERROR: check_stun_auth: Cannot find credentials of user <mixtech911>
7538: ERROR: check_stun_auth: Cannot find credentials of user <mixtech911>
45713: log file opened: /var/log/turn_1117_2018-03-01.log
97941: ERROR: check_stun_auth: Cannot find credentials of user <mixtech911>
98126: ERROR: check_stun_auth: Canno0: log file opened: /var/log/turn_12617_2018-03-02.log
0: 
RFC 3489/5389/5766/5780/6062/6156 STUN/TURN Server
Version Coturn-4.5.0.3 'dan Eider'
0: 
Max number of open files/sockets allowed for this process: 4096
0: 
Due to the open files/sockets limitation,
max supported number of TURN Sessions possible is: 2000 (approximately)
0: 

==== Show him the instruments, Practical Frost: ====

0: TLS supported
0: DTLS supported
0: DTLS 1.2 supported
0: TURN/STUN ALPN supported
0: Third-party authorization (oAuth) supported
0: GCM (AEAD) supported
0: OpenSSL compile-time version: OpenSSL 1.0.2g-fips  1 Mar 2016
0: 
0: SQLite supported, default database location is /var/lib/turn/turndb
0: Redis supported
0: PostgreSQL supported
0: MySQL supported
0: MongoDB is not supported
0: 
0: Default Net Engine version: 3 (UDP thread per CPU core)

=====================================================

0: Config file found: //etc/turnserver.conf
0: ERROR: Cannot add a listener address: uwpw.ru:8080
0: Config file found: //etc/turnserver.conf
0: Domain name: 
0: Default realm: test
0: WARNING: cannot find certificate file: turn_server_cert.pem (1)
0: WARNING: cannot start TLS and DTLS listeners because certificate file is not set properly
0: WARNING: cannot find private key file: turn_server_pkey.pem (1)
0: WARNING: cannot start TLS and DTLS listeners because private key file is not set properly
0: NO EXPLICIT LISTENER ADDRESS(ES) ARE CONFIGURED
0: ===========Discovering listener addresses: =========
0: Listener address to use: 127.0.0.1
0: Listener address to use: 192.168.1.1
0: Listener address to use: ::1
0: =====================================================
0: Total: 1 'real' addresses discovered
0: =====================================================
0: NO EXPLICIT RELAY ADDRESS(ES) ARE CONFIGURED
0: ===========Discovering relay addresses: =============
0: Relay address to use: 192.168.1.1
0: Relay address to use: ::1
0: =====================================================
0: Total: 2 relay addresses discovered
0: =====================================================
0: pid file created: /var/run/turnserver.pid
0: IO method (main listener thread): epoll (with changelist)
0: Wait for relay ports initialization...
0:   relay 192.168.1.1 initialization...
0:   relay 192.168.1.1 initialization done
0:   relay ::1 initialization...
0:   relay ::1 initialization done
0: Relay ports initialization done
0: IO method (general relay thread): epoll (with changelist)
0: IO method (general relay thread): epoll (with changelist)
0: IO method (general relay thread): epoll (with changelist)
0: IO method (general relay thread): epoll (with changelist)
0: IO method (general relay thread): epoll (with changelist)
0: IO method (general relay thread): epoll (with changelist)
0: turn server id=2 created
0: turn server id=1 created
0: turn server id=0 created
0: turn server id=4 created
0: turn server id=3 created
0: IO method (general relay thread): epoll (with changelist)
0: turn server id=7 created
0: turn server id=5 created
0: IO method (general relay thread): epoll (with changelist)
0: turn server id=6 created
0: Total General servers: 8
0: IO method (auth thread): epoll (with changelist)
0: IO method (auth thread): epoll (with changelist)
0: IO method (auth thread): epoll (with changelist)
0: IO method (auth thread): epoll (with changelist)
0: IO method (admin thread): epoll (with changelist)
0: SQLite DB connection success: /var/lib/turn/turndb
25494: log file opened: /var/log/turn_12617_2018-03-03.log
111894: log file opened: /var/log/turn_12617_2018-03-04.log
198290: log file opened: /var/log/turn_12617_2018-03-05.log
248083: ERROR: check_stun_auth: Cannot find credentials of user <mixtech911>
248376: ERROR: check_stun_auth: Cannot find credentials of user <mixtech911>
248410: ERROR: check_stun_auth: Cannot find credentials of user <mixtech911>
248438: ERROR: check_stun_auth: Cannot find credentials of user <mixtech911>
250414: ERROR: check_stun_auth: Cannot find credentials of user <mixtech911>
251312: ERROR: check_stun_auth: Cannot find creden